/home/interns/repos/ScoutMini/install/map_tools/lib/python3.10/site-packages/map_tools/waypoint_server.py
/home/interns/repos/ScoutMini/install/map_tools/lib/python3.10/site-packages/map_tools/map_name_publisher.py
/home/interns/repos/ScoutMini/install/map_tools/lib/python3.10/site-packages/map_tools/waypoint_navigator.py
/home/interns/repos/ScoutMini/install/map_tools/lib/python3.10/site-packages/map_tools/__init__.py
/home/interns/repos/ScoutMini/install/map_tools/lib/python3.10/site-packages/map_tools/waypoint_collector.py
/home/interns/repos/ScoutMini/install/map_tools/lib/python3.10/site-packages/map_tools/apriltag_tag_collector.py
/home/interns/repos/ScoutMini/install/map_tools/lib/python3.10/site-packages/map_tools/click_to_nav.py
/home/interns/repos/ScoutMini/install/map_tools/lib/python3.10/site-packages/map_tools/waypoint_collector_2.py
/home/interns/repos/ScoutMini/install/map_tools/lib/python3.10/site-packages/map_tools/__pycache__/waypoint_server.cpython-310.pyc
/home/interns/repos/ScoutMini/install/map_tools/lib/python3.10/site-packages/map_tools/__pycache__/map_name_publisher.cpython-310.pyc
/home/interns/repos/ScoutMini/install/map_tools/lib/python3.10/site-packages/map_tools/__pycache__/waypoint_navigator.cpython-310.pyc
/home/interns/repos/ScoutMini/install/map_tools/lib/python3.10/site-packages/map_tools/__pycache__/__init__.cpython-310.pyc
/home/interns/repos/ScoutMini/install/map_tools/lib/python3.10/site-packages/map_tools/__pycache__/waypoint_collector.cpython-310.pyc
/home/interns/repos/ScoutMini/install/map_tools/lib/python3.10/site-packages/map_tools/__pycache__/apriltag_tag_collector.cpython-310.pyc
/home/interns/repos/ScoutMini/install/map_tools/lib/python3.10/site-packages/map_tools/__pycache__/click_to_nav.cpython-310.pyc
/home/interns/repos/ScoutMini/install/map_tools/lib/python3.10/site-packages/map_tools/__pycache__/waypoint_collector_2.cpython-310.pyc
/home/interns/repos/ScoutMini/install/map_tools/share/ament_index/resource_index/packages/map_tools
/home/interns/repos/ScoutMini/install/map_tools/share/map_tools/package.xml
/home/interns/repos/ScoutMini/install/map_tools/share/map_tools/launch/zed_apriltag_36h11.launch.py
/home/interns/repos/ScoutMini/install/map_tools/share/map_tools/launch/waypoint_collector.launch.py
/home/interns/repos/ScoutMini/install/map_tools/share/map_tools/config/tags_36h11.yaml
/home/interns/repos/ScoutMini/install/map_tools/share/map_tools/rviz/waypoint_collector.rviz
/home/interns/repos/ScoutMini/install/map_tools/share/map_tools/waypoints
/home/interns/repos/ScoutMini/install/map_tools/share/map_tools/maps/.gitkeep
/home/interns/repos/ScoutMini/install/map_tools/share/map_tools/maps/third_floor_map_clean/third_floor_map_clean.pgm
/home/interns/repos/ScoutMini/install/map_tools/share/map_tools/maps/third_floor_map_clean/third_floor_map_clean.yaml
/home/interns/repos/ScoutMini/install/map_tools/share/map_tools/maps/third_floor_map_clean/third_floor_map_clean_waypoints.json
/home/interns/repos/ScoutMini/install/map_tools/share/map_tools/maps/default_map/default_map_waypoints.json
/home/interns/repos/ScoutMini/install/map_tools/share/map_tools/maps/fuse_3rd/fuse_3rd.pgm
/home/interns/repos/ScoutMini/install/map_tools/share/map_tools/maps/fuse_3rd/fuse_3rd.yaml
/home/interns/repos/ScoutMini/install/map_tools/share/map_tools/maps/fuse_3rd/fuse_3rd_waypoints.json
/home/interns/repos/ScoutMini/install/map_tools/share/map_tools/maps/fuse_3rd/tags.json
/home/interns/repos/ScoutMini/install/map_tools/share/map_tools/maps/fuse_3rd/routes/route1.yaml
/home/interns/repos/ScoutMini/install/map_tools/share/map_tools/maps/fuse_3rd/routes/route2.yaml
/home/interns/repos/ScoutMini/install/map_tools/lib/python3.10/site-packages/map_tools-0.0.1-py3.10.egg-info/requires.txt
/home/interns/repos/ScoutMini/install/map_tools/lib/python3.10/site-packages/map_tools-0.0.1-py3.10.egg-info/top_level.txt
/home/interns/repos/ScoutMini/install/map_tools/lib/python3.10/site-packages/map_tools-0.0.1-py3.10.egg-info/zip-safe
/home/interns/repos/ScoutMini/install/map_tools/lib/python3.10/site-packages/map_tools-0.0.1-py3.10.egg-info/PKG-INFO
/home/interns/repos/ScoutMini/install/map_tools/lib/python3.10/site-packages/map_tools-0.0.1-py3.10.egg-info/dependency_links.txt
/home/interns/repos/ScoutMini/install/map_tools/lib/python3.10/site-packages/map_tools-0.0.1-py3.10.egg-info/SOURCES.txt
/home/interns/repos/ScoutMini/install/map_tools/lib/python3.10/site-packages/map_tools-0.0.1-py3.10.egg-info/entry_points.txt
/home/interns/repos/ScoutMini/install/map_tools/lib/map_tools/apriltag_tag_collector
/home/interns/repos/ScoutMini/install/map_tools/lib/map_tools/click_to_nav
/home/interns/repos/ScoutMini/install/map_tools/lib/map_tools/map_name_publisher
/home/interns/repos/ScoutMini/install/map_tools/lib/map_tools/waypoint_collector
/home/interns/repos/ScoutMini/install/map_tools/lib/map_tools/waypoint_collector_2
/home/interns/repos/ScoutMini/install/map_tools/lib/map_tools/waypoint_server
