[0.043s] DEBUG:colcon:Command line arguments: ['/usr/bin/colcon', 'build', '--packages-select', 'map_tools']
[0.044s] DEBUG:colcon:Parsed command line arguments: Namespace(log_base=None, log_level=None, verb_name='build', build_base='build', install_base='install', merge_install=False, symlink_install=False, test_result_base=None, continue_on_error=False, executor='parallel', parallel_workers=28, event_handlers=None, ignore_user_meta=False, metas=['./colcon.meta'], base_paths=['.'], packages_ignore=None, packages_ignore_regex=None, paths=None, packages_up_to=None, packages_up_to_regex=None, packages_above=None, packages_above_and_dependencies=None, packages_above_depth=None, packages_select_by_dep=None, packages_skip_by_dep=None, packages_skip_up_to=None, packages_select_build_failed=False, packages_skip_build_finished=False, packages_select_test_failures=False, packages_skip_test_passed=False, packages_select=['map_tools'], packages_skip=None, packages_select_regex=None, packages_skip_regex=None, packages_start=None, packages_end=None, allow_overriding=[], cmake_args=None, cmake_target=None, cmake_target_skip_unavailable=False, cmake_clean_cache=False, cmake_clean_first=False, cmake_force_configure=False, ament_cmake_args=None, catkin_cmake_args=None, catkin_skip_building_tests=False, verb_parser=<colcon_defaults.argument_parser.defaults.DefaultArgumentsDecorator object at 0x7ae68f95dc30>, verb_extension=<colcon_core.verb.build.BuildVerb object at 0x7ae68f95cb80>, main=<bound method BuildVerb.main of <colcon_core.verb.build.BuildVerb object at 0x7ae68f95cb80>>)
[0.109s] Level 1:colcon.colcon_core.package_discovery:discover_packages(colcon_meta) check parameters
[0.109s] Level 1:colcon.colcon_core.package_discovery:discover_packages(recursive) check parameters
[0.109s] Level 1:colcon.colcon_core.package_discovery:discover_packages(ignore) check parameters
[0.109s] Level 1:colcon.colcon_core.package_discovery:discover_packages(path) check parameters
[0.109s] Level 1:colcon.colcon_core.package_discovery:discover_packages(colcon_meta) discover
[0.110s] Level 1:colcon.colcon_core.package_discovery:discover_packages(recursive) discover
[0.110s] INFO:colcon.colcon_core.package_discovery:Crawling recursively for packages in '/home/interns/repos/ScoutMini'
[0.110s] Level 1:colcon.colcon_core.package_identification:_identify(.) by extensions ['ignore', 'ignore_ament_install']
[0.110s] Level 1:colcon.colcon_core.package_identification:_identify(.) by extension 'ignore'
[0.110s] Level 1:colcon.colcon_core.package_identification:_identify(.) by extension 'ignore_ament_install'
[0.110s] Level 1:colcon.colcon_core.package_identification:_identify(.) by extensions ['colcon_pkg']
[0.110s] Level 1:colcon.colcon_core.package_identification:_identify(.) by extension 'colcon_pkg'
[0.110s] Level 1:colcon.colcon_core.package_identification:_identify(.) by extensions ['colcon_meta']
[0.110s] Level 1:colcon.colcon_core.package_identification:_identify(.) by extension 'colcon_meta'
[0.110s] Level 1:colcon.colcon_core.package_identification:_identify(.) by extensions ['ros']
[0.110s] Level 1:colcon.colcon_core.package_identification:_identify(.) by extension 'ros'
[0.114s] Level 1:colcon.colcon_core.package_identification:_identify(.) by extensions ['cmake', 'python']
[0.114s] Level 1:colcon.colcon_core.package_identification:_identify(.) by extension 'cmake'
[0.114s] Level 1:colcon.colcon_core.package_identification:_identify(.) by extension 'python'
[0.114s] Level 1:colcon.colcon_core.package_identification:_identify(.) by extensions ['python_setup_py']
[0.114s] Level 1:colcon.colcon_core.package_identification:_identify(.) by extension 'python_setup_py'
[0.115s] Level 1:colcon.colcon_core.package_identification:_identify(build) by extensions ['ignore', 'ignore_ament_install']
[0.115s] Level 1:colcon.colcon_core.package_identification:_identify(build) by extension 'ignore'
[0.115s] Level 1:colcon.colcon_core.package_identification:_identify(build) ignored
[0.115s] Level 1:colcon.colcon_core.package_identification:_identify(docs) by extensions ['ignore', 'ignore_ament_install']
[0.115s] Level 1:colcon.colcon_core.package_identification:_identify(docs) by extension 'ignore'
[0.115s] Level 1:colcon.colcon_core.package_identification:_identify(docs) by extension 'ignore_ament_install'
[0.115s] Level 1:colcon.colcon_core.package_identification:_identify(docs) by extensions ['colcon_pkg']
[0.115s] Level 1:colcon.colcon_core.package_identification:_identify(docs) by extension 'colcon_pkg'
[0.115s] Level 1:colcon.colcon_core.package_identification:_identify(docs) by extensions ['colcon_meta']
[0.115s] Level 1:colcon.colcon_core.package_identification:_identify(docs) by extension 'colcon_meta'
[0.115s] Level 1:colcon.colcon_core.package_identification:_identify(docs) by extensions ['ros']
[0.115s] Level 1:colcon.colcon_core.package_identification:_identify(docs) by extension 'ros'
[0.115s] Level 1:colcon.colcon_core.package_identification:_identify(docs) by extensions ['cmake', 'python']
[0.115s] Level 1:colcon.colcon_core.package_identification:_identify(docs) by extension 'cmake'
[0.115s] Level 1:colcon.colcon_core.package_identification:_identify(docs) by extension 'python'
[0.115s] Level 1:colcon.colcon_core.package_identification:_identify(docs) by extensions ['python_setup_py']
[0.115s] Level 1:colcon.colcon_core.package_identification:_identify(docs) by extension 'python_setup_py'
[0.115s] Level 1:colcon.colcon_core.package_identification:_identify(etc) by extensions ['ignore', 'ignore_ament_install']
[0.115s] Level 1:colcon.colcon_core.package_identification:_identify(etc) by extension 'ignore'
[0.115s] Level 1:colcon.colcon_core.package_identification:_identify(etc) by extension 'ignore_ament_install'
[0.115s] Level 1:colcon.colcon_core.package_identification:_identify(etc) by extensions ['colcon_pkg']
[0.115s] Level 1:colcon.colcon_core.package_identification:_identify(etc) by extension 'colcon_pkg'
[0.115s] Level 1:colcon.colcon_core.package_identification:_identify(etc) by extensions ['colcon_meta']
[0.115s] Level 1:colcon.colcon_core.package_identification:_identify(etc) by extension 'colcon_meta'
[0.115s] Level 1:colcon.colcon_core.package_identification:_identify(etc) by extensions ['ros']
[0.115s] Level 1:colcon.colcon_core.package_identification:_identify(etc) by extension 'ros'
[0.115s] Level 1:colcon.colcon_core.package_identification:_identify(etc) by extensions ['cmake', 'python']
[0.115s] Level 1:colcon.colcon_core.package_identification:_identify(etc) by extension 'cmake'
[0.115s] Level 1:colcon.colcon_core.package_identification:_identify(etc) by extension 'python'
[0.115s] Level 1:colcon.colcon_core.package_identification:_identify(etc) by extensions ['python_setup_py']
[0.115s] Level 1:colcon.colcon_core.package_identification:_identify(etc) by extension 'python_setup_py'
[0.115s] Level 1:colcon.colcon_core.package_identification:_identify(etc/modules-load.d) by extensions ['ignore', 'ignore_ament_install']
[0.115s] Level 1:colcon.colcon_core.package_identification:_identify(etc/modules-load.d) by extension 'ignore'
[0.115s] Level 1:colcon.colcon_core.package_identification:_identify(etc/modules-load.d) by extension 'ignore_ament_install'
[0.115s] Level 1:colcon.colcon_core.package_identification:_identify(etc/modules-load.d) by extensions ['colcon_pkg']
[0.115s] Level 1:colcon.colcon_core.package_identification:_identify(etc/modules-load.d) by extension 'colcon_pkg'
[0.115s] Level 1:colcon.colcon_core.package_identification:_identify(etc/modules-load.d) by extensions ['colcon_meta']
[0.115s] Level 1:colcon.colcon_core.package_identification:_identify(etc/modules-load.d) by extension 'colcon_meta'
[0.115s] Level 1:colcon.colcon_core.package_identification:_identify(etc/modules-load.d) by extensions ['ros']
[0.115s] Level 1:colcon.colcon_core.package_identification:_identify(etc/modules-load.d) by extension 'ros'
[0.115s] Level 1:colcon.colcon_core.package_identification:_identify(etc/modules-load.d) by extensions ['cmake', 'python']
[0.115s] Level 1:colcon.colcon_core.package_identification:_identify(etc/modules-load.d) by extension 'cmake'
[0.115s] Level 1:colcon.colcon_core.package_identification:_identify(etc/modules-load.d) by extension 'python'
[0.115s] Level 1:colcon.colcon_core.package_identification:_identify(etc/modules-load.d) by extensions ['python_setup_py']
[0.115s] Level 1:colcon.colcon_core.package_identification:_identify(etc/modules-load.d) by extension 'python_setup_py'
[0.115s] Level 1:colcon.colcon_core.package_identification:_identify(etc/udev) by extensions ['ignore', 'ignore_ament_install']
[0.115s] Level 1:colcon.colcon_core.package_identification:_identify(etc/udev) by extension 'ignore'
[0.115s] Level 1:colcon.colcon_core.package_identification:_identify(etc/udev) by extension 'ignore_ament_install'
[0.115s] Level 1:colcon.colcon_core.package_identification:_identify(etc/udev) by extensions ['colcon_pkg']
[0.115s] Level 1:colcon.colcon_core.package_identification:_identify(etc/udev) by extension 'colcon_pkg'
[0.115s] Level 1:colcon.colcon_core.package_identification:_identify(etc/udev) by extensions ['colcon_meta']
[0.115s] Level 1:colcon.colcon_core.package_identification:_identify(etc/udev) by extension 'colcon_meta'
[0.115s] Level 1:colcon.colcon_core.package_identification:_identify(etc/udev) by extensions ['ros']
[0.115s] Level 1:colcon.colcon_core.package_identification:_identify(etc/udev) by extension 'ros'
[0.115s] Level 1:colcon.colcon_core.package_identification:_identify(etc/udev) by extensions ['cmake', 'python']
[0.115s] Level 1:colcon.colcon_core.package_identification:_identify(etc/udev) by extension 'cmake'
[0.115s] Level 1:colcon.colcon_core.package_identification:_identify(etc/udev) by extension 'python'
[0.116s] Level 1:colcon.colcon_core.package_identification:_identify(etc/udev) by extensions ['python_setup_py']
[0.116s] Level 1:colcon.colcon_core.package_identification:_identify(etc/udev) by extension 'python_setup_py'
[0.116s] Level 1:colcon.colcon_core.package_identification:_identify(etc/udev/rules.d) by extensions ['ignore', 'ignore_ament_install']
[0.116s] Level 1:colcon.colcon_core.package_identification:_identify(etc/udev/rules.d) by extension 'ignore'
[0.116s] Level 1:colcon.colcon_core.package_identification:_identify(etc/udev/rules.d) by extension 'ignore_ament_install'
[0.116s] Level 1:colcon.colcon_core.package_identification:_identify(etc/udev/rules.d) by extensions ['colcon_pkg']
[0.116s] Level 1:colcon.colcon_core.package_identification:_identify(etc/udev/rules.d) by extension 'colcon_pkg'
[0.116s] Level 1:colcon.colcon_core.package_identification:_identify(etc/udev/rules.d) by extensions ['colcon_meta']
[0.116s] Level 1:colcon.colcon_core.package_identification:_identify(etc/udev/rules.d) by extension 'colcon_meta'
[0.116s] Level 1:colcon.colcon_core.package_identification:_identify(etc/udev/rules.d) by extensions ['ros']
[0.116s] Level 1:colcon.colcon_core.package_identification:_identify(etc/udev/rules.d) by extension 'ros'
[0.116s] Level 1:colcon.colcon_core.package_identification:_identify(etc/udev/rules.d) by extensions ['cmake', 'python']
[0.116s] Level 1:colcon.colcon_core.package_identification:_identify(etc/udev/rules.d) by extension 'cmake'
[0.116s] Level 1:colcon.colcon_core.package_identification:_identify(etc/udev/rules.d) by extension 'python'
[0.116s] Level 1:colcon.colcon_core.package_identification:_identify(etc/udev/rules.d) by extensions ['python_setup_py']
[0.116s] Level 1:colcon.colcon_core.package_identification:_identify(etc/udev/rules.d) by extension 'python_setup_py'
[0.116s] Level 1:colcon.colcon_core.package_identification:_identify(install) by extensions ['ignore', 'ignore_ament_install']
[0.116s] Level 1:colcon.colcon_core.package_identification:_identify(install) by extension 'ignore'
[0.116s] Level 1:colcon.colcon_core.package_identification:_identify(install) ignored
[0.116s] Level 1:colcon.colcon_core.package_identification:_identify(log) by extensions ['ignore', 'ignore_ament_install']
[0.116s] Level 1:colcon.colcon_core.package_identification:_identify(log) by extension 'ignore'
[0.116s] Level 1:colcon.colcon_core.package_identification:_identify(log) ignored
[0.116s] Level 1:colcon.colcon_core.package_identification:_identify(misc) by extensions ['ignore', 'ignore_ament_install']
[0.116s] Level 1:colcon.colcon_core.package_identification:_identify(misc) by extension 'ignore'
[0.116s] Level 1:colcon.colcon_core.package_identification:_identify(misc) by extension 'ignore_ament_install'
[0.116s] Level 1:colcon.colcon_core.package_identification:_identify(misc) by extensions ['colcon_pkg']
[0.116s] Level 1:colcon.colcon_core.package_identification:_identify(misc) by extension 'colcon_pkg'
[0.116s] Level 1:colcon.colcon_core.package_identification:_identify(misc) by extensions ['colcon_meta']
[0.116s] Level 1:colcon.colcon_core.package_identification:_identify(misc) by extension 'colcon_meta'
[0.116s] Level 1:colcon.colcon_core.package_identification:_identify(misc) by extensions ['ros']
[0.116s] Level 1:colcon.colcon_core.package_identification:_identify(misc) by extension 'ros'
[0.116s] Level 1:colcon.colcon_core.package_identification:_identify(misc) by extensions ['cmake', 'python']
[0.116s] Level 1:colcon.colcon_core.package_identification:_identify(misc) by extension 'cmake'
[0.116s] Level 1:colcon.colcon_core.package_identification:_identify(misc) by extension 'python'
[0.116s] Level 1:colcon.colcon_core.package_identification:_identify(misc) by extensions ['python_setup_py']
[0.116s] Level 1:colcon.colcon_core.package_identification:_identify(misc) by extension 'python_setup_py'
[0.116s] Level 1:colcon.colcon_core.package_identification:_identify(ros2_ws) by extensions ['ignore', 'ignore_ament_install']
[0.116s] Level 1:colcon.colcon_core.package_identification:_identify(ros2_ws) by extension 'ignore'
[0.116s] Level 1:colcon.colcon_core.package_identification:_identify(ros2_ws) by extension 'ignore_ament_install'
[0.116s] Level 1:colcon.colcon_core.package_identification:_identify(ros2_ws) by extensions ['colcon_pkg']
[0.116s] Level 1:colcon.colcon_core.package_identification:_identify(ros2_ws) by extension 'colcon_pkg'
[0.116s] Level 1:colcon.colcon_core.package_identification:_identify(ros2_ws) by extensions ['colcon_meta']
[0.116s] Level 1:colcon.colcon_core.package_identification:_identify(ros2_ws) by extension 'colcon_meta'
[0.116s] Level 1:colcon.colcon_core.package_identification:_identify(ros2_ws) by extensions ['ros']
[0.116s] Level 1:colcon.colcon_core.package_identification:_identify(ros2_ws) by extension 'ros'
[0.116s] Level 1:colcon.colcon_core.package_identification:_identify(ros2_ws) by extensions ['cmake', 'python']
[0.116s] Level 1:colcon.colcon_core.package_identification:_identify(ros2_ws) by extension 'cmake'
[0.116s] Level 1:colcon.colcon_core.package_identification:_identify(ros2_ws) by extension 'python'
[0.116s] Level 1:colcon.colcon_core.package_identification:_identify(ros2_ws) by extensions ['python_setup_py']
[0.116s] Level 1:colcon.colcon_core.package_identification:_identify(ros2_ws) by extension 'python_setup_py'
[0.116s] Level 1:colcon.colcon_core.package_identification:_identify(ros2_ws/build) by extensions ['ignore', 'ignore_ament_install']
[0.116s] Level 1:colcon.colcon_core.package_identification:_identify(ros2_ws/build) by extension 'ignore'
[0.116s] Level 1:colcon.colcon_core.package_identification:_identify(ros2_ws/build) ignored
[0.116s] Level 1:colcon.colcon_core.package_identification:_identify(ros2_ws/install) by extensions ['ignore', 'ignore_ament_install']
[0.116s] Level 1:colcon.colcon_core.package_identification:_identify(ros2_ws/install) by extension 'ignore'
[0.117s] Level 1:colcon.colcon_core.package_identification:_identify(ros2_ws/install) ignored
[0.117s] Level 1:colcon.colcon_core.package_identification:_identify(ros2_ws/log) by extensions ['ignore', 'ignore_ament_install']
[0.117s] Level 1:colcon.colcon_core.package_identification:_identify(ros2_ws/log) by extension 'ignore'
[0.117s] Level 1:colcon.colcon_core.package_identification:_identify(ros2_ws/log) ignored
[0.117s] Level 1:colcon.colcon_core.package_identification:_identify(ros2_ws/src) by extensions ['ignore', 'ignore_ament_install']
[0.117s] Level 1:colcon.colcon_core.package_identification:_identify(ros2_ws/src) by extension 'ignore'
[0.117s] Level 1:colcon.colcon_core.package_identification:_identify(ros2_ws/src) by extension 'ignore_ament_install'
[0.117s] Level 1:colcon.colcon_core.package_identification:_identify(ros2_ws/src) by extensions ['colcon_pkg']
[0.117s] Level 1:colcon.colcon_core.package_identification:_identify(ros2_ws/src) by extension 'colcon_pkg'
[0.117s] Level 1:colcon.colcon_core.package_identification:_identify(ros2_ws/src) by extensions ['colcon_meta']
[0.117s] Level 1:colcon.colcon_core.package_identification:_identify(ros2_ws/src) by extension 'colcon_meta'
[0.117s] Level 1:colcon.colcon_core.package_identification:_identify(ros2_ws/src) by extensions ['ros']
[0.117s] Level 1:colcon.colcon_core.package_identification:_identify(ros2_ws/src) by extension 'ros'
[0.117s] Level 1:colcon.colcon_core.package_identification:_identify(ros2_ws/src) by extensions ['cmake', 'python']
[0.117s] Level 1:colcon.colcon_core.package_identification:_identify(ros2_ws/src) by extension 'cmake'
[0.117s] Level 1:colcon.colcon_core.package_identification:_identify(ros2_ws/src) by extension 'python'
[0.117s] Level 1:colcon.colcon_core.package_identification:_identify(ros2_ws/src) by extensions ['python_setup_py']
[0.117s] Level 1:colcon.colcon_core.package_identification:_identify(ros2_ws/src) by extension 'python_setup_py'
[0.117s] Level 1:colcon.colcon_core.package_identification:_identify(ros2_ws/src/apriltag) by extensions ['ignore', 'ignore_ament_install']
[0.117s] Level 1:colcon.colcon_core.package_identification:_identify(ros2_ws/src/apriltag) by extension 'ignore'
[0.117s] Level 1:colcon.colcon_core.package_identification:_identify(ros2_ws/src/apriltag) by extension 'ignore_ament_install'
[0.117s] Level 1:colcon.colcon_core.package_identification:_identify(ros2_ws/src/apriltag) by extensions ['colcon_pkg']
[0.117s] Level 1:colcon.colcon_core.package_identification:_identify(ros2_ws/src/apriltag) by extension 'colcon_pkg'
[0.117s] Level 1:colcon.colcon_core.package_identification:_identify(ros2_ws/src/apriltag) by extensions ['colcon_meta']
[0.117s] Level 1:colcon.colcon_core.package_identification:_identify(ros2_ws/src/apriltag) by extension 'colcon_meta'
[0.117s] Level 1:colcon.colcon_core.package_identification:_identify(ros2_ws/src/apriltag) by extensions ['ros']
[0.117s] Level 1:colcon.colcon_core.package_identification:_identify(ros2_ws/src/apriltag) by extension 'ros'
[0.117s] Level 1:colcon.colcon_core.package_identification:_identify(ros2_ws/src/apriltag) by extensions ['cmake', 'python']
[0.117s] Level 1:colcon.colcon_core.package_identification:_identify(ros2_ws/src/apriltag) by extension 'cmake'
[0.117s] Level 1:colcon.colcon_core.package_identification:_identify(ros2_ws/src/apriltag) by extension 'python'
[0.117s] Level 1:colcon.colcon_core.package_identification:_identify(ros2_ws/src/apriltag) by extensions ['python_setup_py']
[0.117s] Level 1:colcon.colcon_core.package_identification:_identify(ros2_ws/src/apriltag) by extension 'python_setup_py'
[0.117s] Level 1:colcon.colcon_core.package_identification:_identify(ros2_ws/src/apriltag_ros) by extensions ['ignore', 'ignore_ament_install']
[0.117s] Level 1:colcon.colcon_core.package_identification:_identify(ros2_ws/src/apriltag_ros) by extension 'ignore'
[0.117s] Level 1:colcon.colcon_core.package_identification:_identify(ros2_ws/src/apriltag_ros) by extension 'ignore_ament_install'
[0.117s] Level 1:colcon.colcon_core.package_identification:_identify(ros2_ws/src/apriltag_ros) by extensions ['colcon_pkg']
[0.117s] Level 1:colcon.colcon_core.package_identification:_identify(ros2_ws/src/apriltag_ros) by extension 'colcon_pkg'
[0.117s] Level 1:colcon.colcon_core.package_identification:_identify(ros2_ws/src/apriltag_ros) by extensions ['colcon_meta']
[0.117s] Level 1:colcon.colcon_core.package_identification:_identify(ros2_ws/src/apriltag_ros) by extension 'colcon_meta'
[0.117s] Level 1:colcon.colcon_core.package_identification:_identify(ros2_ws/src/apriltag_ros) by extensions ['ros']
[0.117s] Level 1:colcon.colcon_core.package_identification:_identify(ros2_ws/src/apriltag_ros) by extension 'ros'
[0.117s] Level 1:colcon.colcon_core.package_identification:_identify(ros2_ws/src/apriltag_ros) by extensions ['cmake', 'python']
[0.117s] Level 1:colcon.colcon_core.package_identification:_identify(ros2_ws/src/apriltag_ros) by extension 'cmake'
[0.117s] Level 1:colcon.colcon_core.package_identification:_identify(ros2_ws/src/apriltag_ros) by extension 'python'
[0.117s] Level 1:colcon.colcon_core.package_identification:_identify(ros2_ws/src/apriltag_ros) by extensions ['python_setup_py']
[0.117s] Level 1:colcon.colcon_core.package_identification:_identify(ros2_ws/src/apriltag_ros) by extension 'python_setup_py'
[0.117s] Level 1:colcon.colcon_core.package_identification:_identify(ros2_ws/src/ds4_driver) by extensions ['ignore', 'ignore_ament_install']
[0.117s] Level 1:colcon.colcon_core.package_identification:_identify(ros2_ws/src/ds4_driver) by extension 'ignore'
[0.117s] Level 1:colcon.colcon_core.package_identification:_identify(ros2_ws/src/ds4_driver) by extension 'ignore_ament_install'
[0.117s] Level 1:colcon.colcon_core.package_identification:_identify(ros2_ws/src/ds4_driver) by extensions ['colcon_pkg']
[0.117s] Level 1:colcon.colcon_core.package_identification:_identify(ros2_ws/src/ds4_driver) by extension 'colcon_pkg'
[0.117s] Level 1:colcon.colcon_core.package_identification:_identify(ros2_ws/src/ds4_driver) by extensions ['colcon_meta']
[0.117s] Level 1:colcon.colcon_core.package_identification:_identify(ros2_ws/src/ds4_driver) by extension 'colcon_meta'
[0.117s] Level 1:colcon.colcon_core.package_identification:_identify(ros2_ws/src/ds4_driver) by extensions ['ros']
[0.117s] Level 1:colcon.colcon_core.package_identification:_identify(ros2_ws/src/ds4_driver) by extension 'ros'
[0.117s] Level 1:colcon.colcon_core.package_identification:_identify(ros2_ws/src/ds4_driver) by extensions ['cmake', 'python']
[0.117s] Level 1:colcon.colcon_core.package_identification:_identify(ros2_ws/src/ds4_driver) by extension 'cmake'
[0.117s] Level 1:colcon.colcon_core.package_identification:_identify(ros2_ws/src/ds4_driver) by extension 'python'
[0.117s] Level 1:colcon.colcon_core.package_identification:_identify(ros2_ws/src/ds4_driver) by extensions ['python_setup_py']
[0.117s] Level 1:colcon.colcon_core.package_identification:_identify(ros2_ws/src/ds4_driver) by extension 'python_setup_py'
[0.118s] Level 1:colcon.colcon_core.package_identification:_identify(ros2_ws/src/ds4drv) by extensions ['ignore', 'ignore_ament_install']
[0.118s] Level 1:colcon.colcon_core.package_identification:_identify(ros2_ws/src/ds4drv) by extension 'ignore'
[0.118s] Level 1:colcon.colcon_core.package_identification:_identify(ros2_ws/src/ds4drv) by extension 'ignore_ament_install'
[0.118s] Level 1:colcon.colcon_core.package_identification:_identify(ros2_ws/src/ds4drv) by extensions ['colcon_pkg']
[0.118s] Level 1:colcon.colcon_core.package_identification:_identify(ros2_ws/src/ds4drv) by extension 'colcon_pkg'
[0.118s] Level 1:colcon.colcon_core.package_identification:_identify(ros2_ws/src/ds4drv) by extensions ['colcon_meta']
[0.118s] Level 1:colcon.colcon_core.package_identification:_identify(ros2_ws/src/ds4drv) by extension 'colcon_meta'
[0.118s] Level 1:colcon.colcon_core.package_identification:_identify(ros2_ws/src/ds4drv) by extensions ['ros']
[0.118s] Level 1:colcon.colcon_core.package_identification:_identify(ros2_ws/src/ds4drv) by extension 'ros'
[0.118s] Level 1:colcon.colcon_core.package_identification:_identify(ros2_ws/src/ds4drv) by extensions ['cmake', 'python']
[0.118s] Level 1:colcon.colcon_core.package_identification:_identify(ros2_ws/src/ds4drv) by extension 'cmake'
[0.118s] Level 1:colcon.colcon_core.package_identification:_identify(ros2_ws/src/ds4drv) by extension 'python'
[0.118s] Level 1:colcon.colcon_core.package_identification:_identify(ros2_ws/src/ds4drv) by extensions ['python_setup_py']
[0.118s] Level 1:colcon.colcon_core.package_identification:_identify(ros2_ws/src/ds4drv) by extension 'python_setup_py'
[0.118s] Level 1:colcon.colcon_core.package_identification:_identify(ros2_ws/src/insta360_ros_driver) by extensions ['ignore', 'ignore_ament_install']
[0.118s] Level 1:colcon.colcon_core.package_identification:_identify(ros2_ws/src/insta360_ros_driver) by extension 'ignore'
[0.118s] Level 1:colcon.colcon_core.package_identification:_identify(ros2_ws/src/insta360_ros_driver) by extension 'ignore_ament_install'
[0.118s] Level 1:colcon.colcon_core.package_identification:_identify(ros2_ws/src/insta360_ros_driver) by extensions ['colcon_pkg']
[0.118s] Level 1:colcon.colcon_core.package_identification:_identify(ros2_ws/src/insta360_ros_driver) by extension 'colcon_pkg'
[0.118s] Level 1:colcon.colcon_core.package_identification:_identify(ros2_ws/src/insta360_ros_driver) by extensions ['colcon_meta']
[0.118s] Level 1:colcon.colcon_core.package_identification:_identify(ros2_ws/src/insta360_ros_driver) by extension 'colcon_meta'
[0.118s] Level 1:colcon.colcon_core.package_identification:_identify(ros2_ws/src/insta360_ros_driver) by extensions ['ros']
[0.118s] Level 1:colcon.colcon_core.package_identification:_identify(ros2_ws/src/insta360_ros_driver) by extension 'ros'
[0.118s] Level 1:colcon.colcon_core.package_identification:_identify(ros2_ws/src/insta360_ros_driver) by extensions ['cmake', 'python']
[0.118s] Level 1:colcon.colcon_core.package_identification:_identify(ros2_ws/src/insta360_ros_driver) by extension 'cmake'
[0.118s] Level 1:colcon.colcon_core.package_identification:_identify(ros2_ws/src/insta360_ros_driver) by extension 'python'
[0.118s] Level 1:colcon.colcon_core.package_identification:_identify(ros2_ws/src/insta360_ros_driver) by extensions ['python_setup_py']
[0.118s] Level 1:colcon.colcon_core.package_identification:_identify(ros2_ws/src/insta360_ros_driver) by extension 'python_setup_py'
[0.118s] Level 1:colcon.colcon_core.package_identification:_identify(ros2_ws/src/map_interfaces) by extensions ['ignore', 'ignore_ament_install']
[0.118s] Level 1:colcon.colcon_core.package_identification:_identify(ros2_ws/src/map_interfaces) by extension 'ignore'
[0.118s] Level 1:colcon.colcon_core.package_identification:_identify(ros2_ws/src/map_interfaces) by extension 'ignore_ament_install'
[0.118s] Level 1:colcon.colcon_core.package_identification:_identify(ros2_ws/src/map_interfaces) by extensions ['colcon_pkg']
[0.118s] Level 1:colcon.colcon_core.package_identification:_identify(ros2_ws/src/map_interfaces) by extension 'colcon_pkg'
[0.118s] Level 1:colcon.colcon_core.package_identification:_identify(ros2_ws/src/map_interfaces) by extensions ['colcon_meta']
[0.118s] Level 1:colcon.colcon_core.package_identification:_identify(ros2_ws/src/map_interfaces) by extension 'colcon_meta'
[0.118s] Level 1:colcon.colcon_core.package_identification:_identify(ros2_ws/src/map_interfaces) by extensions ['ros']
[0.118s] Level 1:colcon.colcon_core.package_identification:_identify(ros2_ws/src/map_interfaces) by extension 'ros'
[0.119s] DEBUG:colcon.colcon_core.package_identification:Package 'ros2_ws/src/map_interfaces' with type 'ros.ament_cmake' and name 'map_interfaces'
[0.119s] Level 1:colcon.colcon_core.package_identification:_identify(ros2_ws/src/map_tools) by extensions ['ignore', 'ignore_ament_install']
[0.119s] Level 1:colcon.colcon_core.package_identification:_identify(ros2_ws/src/map_tools) by extension 'ignore'
[0.119s] Level 1:colcon.colcon_core.package_identification:_identify(ros2_ws/src/map_tools) by extension 'ignore_ament_install'
[0.119s] Level 1:colcon.colcon_core.package_identification:_identify(ros2_ws/src/map_tools) by extensions ['colcon_pkg']
[0.119s] Level 1:colcon.colcon_core.package_identification:_identify(ros2_ws/src/map_tools) by extension 'colcon_pkg'
[0.119s] Level 1:colcon.colcon_core.package_identification:_identify(ros2_ws/src/map_tools) by extensions ['colcon_meta']
[0.119s] Level 1:colcon.colcon_core.package_identification:_identify(ros2_ws/src/map_tools) by extension 'colcon_meta'
[0.119s] Level 1:colcon.colcon_core.package_identification:_identify(ros2_ws/src/map_tools) by extensions ['ros']
[0.119s] Level 1:colcon.colcon_core.package_identification:_identify(ros2_ws/src/map_tools) by extension 'ros'
[0.120s] DEBUG:colcon.colcon_core.package_identification:Package 'ros2_ws/src/map_tools' with type 'ros.ament_python' and name 'map_tools'
[0.120s] Level 1:colcon.colcon_core.package_identification:_identify(ros2_ws/src/scout_ros2) by extensions ['ignore', 'ignore_ament_install']
[0.120s] Level 1:colcon.colcon_core.package_identification:_identify(ros2_ws/src/scout_ros2) by extension 'ignore'
[0.120s] Level 1:colcon.colcon_core.package_identification:_identify(ros2_ws/src/scout_ros2) by extension 'ignore_ament_install'
[0.120s] Level 1:colcon.colcon_core.package_identification:_identify(ros2_ws/src/scout_ros2) by extensions ['colcon_pkg']
[0.120s] Level 1:colcon.colcon_core.package_identification:_identify(ros2_ws/src/scout_ros2) by extension 'colcon_pkg'
[0.120s] Level 1:colcon.colcon_core.package_identification:_identify(ros2_ws/src/scout_ros2) by extensions ['colcon_meta']
[0.120s] Level 1:colcon.colcon_core.package_identification:_identify(ros2_ws/src/scout_ros2) by extension 'colcon_meta'
[0.120s] Level 1:colcon.colcon_core.package_identification:_identify(ros2_ws/src/scout_ros2) by extensions ['ros']
[0.120s] Level 1:colcon.colcon_core.package_identification:_identify(ros2_ws/src/scout_ros2) by extension 'ros'
[0.120s] Level 1:colcon.colcon_core.package_identification:_identify(ros2_ws/src/scout_ros2) by extensions ['cmake', 'python']
[0.120s] Level 1:colcon.colcon_core.package_identification:_identify(ros2_ws/src/scout_ros2) by extension 'cmake'
[0.120s] Level 1:colcon.colcon_core.package_identification:_identify(ros2_ws/src/scout_ros2) by extension 'python'
[0.120s] Level 1:colcon.colcon_core.package_identification:_identify(ros2_ws/src/scout_ros2) by extensions ['python_setup_py']
[0.120s] Level 1:colcon.colcon_core.package_identification:_identify(ros2_ws/src/scout_ros2) by extension 'python_setup_py'
[0.120s] Level 1:colcon.colcon_core.package_identification:_identify(ros2_ws/src/scoutmini_bringup) by extensions ['ignore', 'ignore_ament_install']
[0.120s] Level 1:colcon.colcon_core.package_identification:_identify(ros2_ws/src/scoutmini_bringup) by extension 'ignore'
[0.120s] Level 1:colcon.colcon_core.package_identification:_identify(ros2_ws/src/scoutmini_bringup) by extension 'ignore_ament_install'
[0.120s] Level 1:colcon.colcon_core.package_identification:_identify(ros2_ws/src/scoutmini_bringup) by extensions ['colcon_pkg']
[0.120s] Level 1:colcon.colcon_core.package_identification:_identify(ros2_ws/src/scoutmini_bringup) by extension 'colcon_pkg'
[0.120s] Level 1:colcon.colcon_core.package_identification:_identify(ros2_ws/src/scoutmini_bringup) by extensions ['colcon_meta']
[0.120s] Level 1:colcon.colcon_core.package_identification:_identify(ros2_ws/src/scoutmini_bringup) by extension 'colcon_meta'
[0.120s] Level 1:colcon.colcon_core.package_identification:_identify(ros2_ws/src/scoutmini_bringup) by extensions ['ros']
[0.120s] Level 1:colcon.colcon_core.package_identification:_identify(ros2_ws/src/scoutmini_bringup) by extension 'ros'
[0.120s] DEBUG:colcon.colcon_core.package_identification:Package 'ros2_ws/src/scoutmini_bringup' with type 'ros.ament_python' and name 'scoutmini_bringup'
[0.120s] Level 1:colcon.colcon_core.package_identification:_identify(ros2_ws/src/scoutmini_description) by extensions ['ignore', 'ignore_ament_install']
[0.120s] Level 1:colcon.colcon_core.package_identification:_identify(ros2_ws/src/scoutmini_description) by extension 'ignore'
[0.120s] Level 1:colcon.colcon_core.package_identification:_identify(ros2_ws/src/scoutmini_description) by extension 'ignore_ament_install'
[0.120s] Level 1:colcon.colcon_core.package_identification:_identify(ros2_ws/src/scoutmini_description) by extensions ['colcon_pkg']
[0.120s] Level 1:colcon.colcon_core.package_identification:_identify(ros2_ws/src/scoutmini_description) by extension 'colcon_pkg'
[0.120s] Level 1:colcon.colcon_core.package_identification:_identify(ros2_ws/src/scoutmini_description) by extensions ['colcon_meta']
[0.120s] Level 1:colcon.colcon_core.package_identification:_identify(ros2_ws/src/scoutmini_description) by extension 'colcon_meta'
[0.120s] Level 1:colcon.colcon_core.package_identification:_identify(ros2_ws/src/scoutmini_description) by extensions ['ros']
[0.120s] Level 1:colcon.colcon_core.package_identification:_identify(ros2_ws/src/scoutmini_description) by extension 'ros'
[0.121s] DEBUG:colcon.colcon_core.package_identification:Package 'ros2_ws/src/scoutmini_description' with type 'ros.ament_python' and name 'scoutmini_description'
[0.121s] Level 1:colcon.colcon_core.package_identification:_identify(ros2_ws/src/scoutmini_nav2) by extensions ['ignore', 'ignore_ament_install']
[0.121s] Level 1:colcon.colcon_core.package_identification:_identify(ros2_ws/src/scoutmini_nav2) by extension 'ignore'
[0.121s] Level 1:colcon.colcon_core.package_identification:_identify(ros2_ws/src/scoutmini_nav2) by extension 'ignore_ament_install'
[0.121s] Level 1:colcon.colcon_core.package_identification:_identify(ros2_ws/src/scoutmini_nav2) by extensions ['colcon_pkg']
[0.121s] Level 1:colcon.colcon_core.package_identification:_identify(ros2_ws/src/scoutmini_nav2) by extension 'colcon_pkg'
[0.121s] Level 1:colcon.colcon_core.package_identification:_identify(ros2_ws/src/scoutmini_nav2) by extensions ['colcon_meta']
[0.121s] Level 1:colcon.colcon_core.package_identification:_identify(ros2_ws/src/scoutmini_nav2) by extension 'colcon_meta'
[0.121s] Level 1:colcon.colcon_core.package_identification:_identify(ros2_ws/src/scoutmini_nav2) by extensions ['ros']
[0.121s] Level 1:colcon.colcon_core.package_identification:_identify(ros2_ws/src/scoutmini_nav2) by extension 'ros'
[0.121s] DEBUG:colcon.colcon_core.package_identification:Package 'ros2_ws/src/scoutmini_nav2' with type 'ros.ament_python' and name 'scoutmini_nav2'
[0.121s] Level 1:colcon.colcon_core.package_identification:_identify(ros2_ws/src/scoutmini_tasks) by extensions ['ignore', 'ignore_ament_install']
[0.121s] Level 1:colcon.colcon_core.package_identification:_identify(ros2_ws/src/scoutmini_tasks) by extension 'ignore'
[0.121s] Level 1:colcon.colcon_core.package_identification:_identify(ros2_ws/src/scoutmini_tasks) by extension 'ignore_ament_install'
[0.121s] Level 1:colcon.colcon_core.package_identification:_identify(ros2_ws/src/scoutmini_tasks) by extensions ['colcon_pkg']
[0.121s] Level 1:colcon.colcon_core.package_identification:_identify(ros2_ws/src/scoutmini_tasks) by extension 'colcon_pkg'
[0.121s] Level 1:colcon.colcon_core.package_identification:_identify(ros2_ws/src/scoutmini_tasks) by extensions ['colcon_meta']
[0.121s] Level 1:colcon.colcon_core.package_identification:_identify(ros2_ws/src/scoutmini_tasks) by extension 'colcon_meta'
[0.121s] Level 1:colcon.colcon_core.package_identification:_identify(ros2_ws/src/scoutmini_tasks) by extensions ['ros']
[0.121s] Level 1:colcon.colcon_core.package_identification:_identify(ros2_ws/src/scoutmini_tasks) by extension 'ros'
[0.122s] DEBUG:colcon.colcon_core.package_identification:Package 'ros2_ws/src/scoutmini_tasks' with type 'ros.ament_python' and name 'scoutmini_tasks'
[0.122s] Level 1:colcon.colcon_core.package_identification:_identify(ros2_ws/src/ugv_sdk) by extensions ['ignore', 'ignore_ament_install']
[0.122s] Level 1:colcon.colcon_core.package_identification:_identify(ros2_ws/src/ugv_sdk) by extension 'ignore'
[0.122s] Level 1:colcon.colcon_core.package_identification:_identify(ros2_ws/src/ugv_sdk) by extension 'ignore_ament_install'
[0.122s] Level 1:colcon.colcon_core.package_identification:_identify(ros2_ws/src/ugv_sdk) by extensions ['colcon_pkg']
[0.122s] Level 1:colcon.colcon_core.package_identification:_identify(ros2_ws/src/ugv_sdk) by extension 'colcon_pkg'
[0.122s] Level 1:colcon.colcon_core.package_identification:_identify(ros2_ws/src/ugv_sdk) by extensions ['colcon_meta']
[0.122s] Level 1:colcon.colcon_core.package_identification:_identify(ros2_ws/src/ugv_sdk) by extension 'colcon_meta'
[0.122s] Level 1:colcon.colcon_core.package_identification:_identify(ros2_ws/src/ugv_sdk) by extensions ['ros']
[0.122s] Level 1:colcon.colcon_core.package_identification:_identify(ros2_ws/src/ugv_sdk) by extension 'ros'
[0.122s] Level 1:colcon.colcon_core.package_identification:_identify(ros2_ws/src/ugv_sdk) by extensions ['cmake', 'python']
[0.122s] Level 1:colcon.colcon_core.package_identification:_identify(ros2_ws/src/ugv_sdk) by extension 'cmake'
[0.122s] Level 1:colcon.colcon_core.package_identification:_identify(ros2_ws/src/ugv_sdk) by extension 'python'
[0.122s] Level 1:colcon.colcon_core.package_identification:_identify(ros2_ws/src/ugv_sdk) by extensions ['python_setup_py']
[0.122s] Level 1:colcon.colcon_core.package_identification:_identify(ros2_ws/src/ugv_sdk) by extension 'python_setup_py'
[0.122s] Level 1:colcon.colcon_core.package_identification:_identify(ros2_ws/src/witmotion_IMU_ros) by extensions ['ignore', 'ignore_ament_install']
[0.122s] Level 1:colcon.colcon_core.package_identification:_identify(ros2_ws/src/witmotion_IMU_ros) by extension 'ignore'
[0.122s] Level 1:colcon.colcon_core.package_identification:_identify(ros2_ws/src/witmotion_IMU_ros) by extension 'ignore_ament_install'
[0.122s] Level 1:colcon.colcon_core.package_identification:_identify(ros2_ws/src/witmotion_IMU_ros) by extensions ['colcon_pkg']
[0.122s] Level 1:colcon.colcon_core.package_identification:_identify(ros2_ws/src/witmotion_IMU_ros) by extension 'colcon_pkg'
[0.122s] Level 1:colcon.colcon_core.package_identification:_identify(ros2_ws/src/witmotion_IMU_ros) by extensions ['colcon_meta']
[0.122s] Level 1:colcon.colcon_core.package_identification:_identify(ros2_ws/src/witmotion_IMU_ros) by extension 'colcon_meta'
[0.122s] Level 1:colcon.colcon_core.package_identification:_identify(ros2_ws/src/witmotion_IMU_ros) by extensions ['ros']
[0.122s] Level 1:colcon.colcon_core.package_identification:_identify(ros2_ws/src/witmotion_IMU_ros) by extension 'ros'
[0.122s] Level 1:colcon.colcon_core.package_identification:_identify(ros2_ws/src/witmotion_IMU_ros) by extensions ['cmake', 'python']
[0.122s] Level 1:colcon.colcon_core.package_identification:_identify(ros2_ws/src/witmotion_IMU_ros) by extension 'cmake'
[0.122s] Level 1:colcon.colcon_core.package_identification:_identify(ros2_ws/src/witmotion_IMU_ros) by extension 'python'
[0.122s] Level 1:colcon.colcon_core.package_identification:_identify(ros2_ws/src/witmotion_IMU_ros) by extensions ['python_setup_py']
[0.122s] Level 1:colcon.colcon_core.package_identification:_identify(ros2_ws/src/witmotion_IMU_ros) by extension 'python_setup_py'
[0.122s] Level 1:colcon.colcon_core.package_identification:_identify(ros2_ws/src/zed-ros2-wrapper) by extensions ['ignore', 'ignore_ament_install']
[0.122s] Level 1:colcon.colcon_core.package_identification:_identify(ros2_ws/src/zed-ros2-wrapper) by extension 'ignore'
[0.122s] Level 1:colcon.colcon_core.package_identification:_identify(ros2_ws/src/zed-ros2-wrapper) by extension 'ignore_ament_install'
[0.122s] Level 1:colcon.colcon_core.package_identification:_identify(ros2_ws/src/zed-ros2-wrapper) by extensions ['colcon_pkg']
[0.122s] Level 1:colcon.colcon_core.package_identification:_identify(ros2_ws/src/zed-ros2-wrapper) by extension 'colcon_pkg'
[0.122s] Level 1:colcon.colcon_core.package_identification:_identify(ros2_ws/src/zed-ros2-wrapper) by extensions ['colcon_meta']
[0.122s] Level 1:colcon.colcon_core.package_identification:_identify(ros2_ws/src/zed-ros2-wrapper) by extension 'colcon_meta'
[0.122s] Level 1:colcon.colcon_core.package_identification:_identify(ros2_ws/src/zed-ros2-wrapper) by extensions ['ros']
[0.122s] Level 1:colcon.colcon_core.package_identification:_identify(ros2_ws/src/zed-ros2-wrapper) by extension 'ros'
[0.122s] Level 1:colcon.colcon_core.package_identification:_identify(ros2_ws/src/zed-ros2-wrapper) by extensions ['cmake', 'python']
[0.122s] Level 1:colcon.colcon_core.package_identification:_identify(ros2_ws/src/zed-ros2-wrapper) by extension 'cmake'
[0.122s] Level 1:colcon.colcon_core.package_identification:_identify(ros2_ws/src/zed-ros2-wrapper) by extension 'python'
[0.122s] Level 1:colcon.colcon_core.package_identification:_identify(ros2_ws/src/zed-ros2-wrapper) by extensions ['python_setup_py']
[0.122s] Level 1:colcon.colcon_core.package_identification:_identify(ros2_ws/src/zed-ros2-wrapper) by extension 'python_setup_py'
[0.122s] Level 1:colcon.colcon_core.package_identification:_identify(scripts) by extensions ['ignore', 'ignore_ament_install']
[0.122s] Level 1:colcon.colcon_core.package_identification:_identify(scripts) by extension 'ignore'
[0.122s] Level 1:colcon.colcon_core.package_identification:_identify(scripts) by extension 'ignore_ament_install'
[0.122s] Level 1:colcon.colcon_core.package_identification:_identify(scripts) by extensions ['colcon_pkg']
[0.122s] Level 1:colcon.colcon_core.package_identification:_identify(scripts) by extension 'colcon_pkg'
[0.122s] Level 1:colcon.colcon_core.package_identification:_identify(scripts) by extensions ['colcon_meta']
[0.122s] Level 1:colcon.colcon_core.package_identification:_identify(scripts) by extension 'colcon_meta'
[0.122s] Level 1:colcon.colcon_core.package_identification:_identify(scripts) by extensions ['ros']
[0.122s] Level 1:colcon.colcon_core.package_identification:_identify(scripts) by extension 'ros'
[0.122s] Level 1:colcon.colcon_core.package_identification:_identify(scripts) by extensions ['cmake', 'python']
[0.122s] Level 1:colcon.colcon_core.package_identification:_identify(scripts) by extension 'cmake'
[0.122s] Level 1:colcon.colcon_core.package_identification:_identify(scripts) by extension 'python'
[0.122s] Level 1:colcon.colcon_core.package_identification:_identify(scripts) by extensions ['python_setup_py']
[0.122s] Level 1:colcon.colcon_core.package_identification:_identify(scripts) by extension 'python_setup_py'
[0.123s] Level 1:colcon.colcon_core.package_discovery:discover_packages(recursive) using defaults
[0.123s] Level 1:colcon.colcon_core.package_discovery:discover_packages(ignore) discover
[0.123s] Level 1:colcon.colcon_core.package_discovery:discover_packages(ignore) using defaults
[0.123s] Level 1:colcon.colcon_core.package_discovery:discover_packages(path) discover
[0.123s] Level 1:colcon.colcon_core.package_discovery:discover_packages(path) using defaults
[0.137s] INFO:colcon.colcon_core.package_selection:Skipping not selected package 'map_interfaces' in 'ros2_ws/src/map_interfaces'
[0.137s] INFO:colcon.colcon_core.package_selection:Skipping not selected package 'scoutmini_bringup' in 'ros2_ws/src/scoutmini_bringup'
[0.137s] INFO:colcon.colcon_core.package_selection:Skipping not selected package 'scoutmini_description' in 'ros2_ws/src/scoutmini_description'
[0.137s] INFO:colcon.colcon_core.package_selection:Skipping not selected package 'scoutmini_nav2' in 'ros2_ws/src/scoutmini_nav2'
[0.137s] INFO:colcon.colcon_core.package_selection:Skipping not selected package 'scoutmini_tasks' in 'ros2_ws/src/scoutmini_tasks'
[0.137s] Level 1:colcon.colcon_core.package_discovery:discover_packages(prefix_path) check parameters
[0.137s] Level 1:colcon.colcon_core.package_discovery:discover_packages(prefix_path) discover
[0.138s] DEBUG:colcon.colcon_installed_package_information.package_discovery:Found 6 installed packages in /home/interns/repos/ScoutMini/ros2_ws/install
[0.138s] DEBUG:colcon.colcon_installed_package_information.package_discovery:Found 442 installed packages in /opt/ros/humble
[0.139s] Level 1:colcon.colcon_core.package_discovery:discover_packages(prefix_path) using defaults
[0.161s] WARNING:colcon.colcon_core.package_selection:Some selected packages are already built in one or more underlay workspaces:
	'map_tools' is in: /home/interns/repos/ScoutMini/ros2_ws/install/map_tools
If a package in a merged underlay workspace is overridden and it installs headers, then all packages in the overlay must sort their include directories by workspace order. Failure to do so may result in build failures or undefined behavior at run time.
If the overridden package is used by another package in any underlay, then the overriding package in the overlay must be API and ABI compatible or undefined behavior at run time may occur.

If you understand the risks and want to override a package anyways, add the following to the command line:
	--allow-overriding map_tools

This may be promoted to an error in a future release of colcon-override-check.
[0.162s] Level 5:colcon.colcon_core.verb:set package 'map_tools' build argument 'cmake_args' from command line to 'None'
[0.162s] Level 5:colcon.colcon_core.verb:set package 'map_tools' build argument 'cmake_target' from command line to 'None'
[0.162s] Level 5:colcon.colcon_core.verb:set package 'map_tools' build argument 'cmake_target_skip_unavailable' from command line to 'False'
[0.162s] Level 5:colcon.colcon_core.verb:set package 'map_tools' build argument 'cmake_clean_cache' from command line to 'False'
[0.162s] Level 5:colcon.colcon_core.verb:set package 'map_tools' build argument 'cmake_clean_first' from command line to 'False'
[0.162s] Level 5:colcon.colcon_core.verb:set package 'map_tools' build argument 'cmake_force_configure' from command line to 'False'
[0.162s] Level 5:colcon.colcon_core.verb:set package 'map_tools' build argument 'ament_cmake_args' from command line to 'None'
[0.162s] Level 5:colcon.colcon_core.verb:set package 'map_tools' build argument 'catkin_cmake_args' from command line to 'None'
[0.162s] Level 5:colcon.colcon_core.verb:set package 'map_tools' build argument 'catkin_skip_building_tests' from command line to 'False'
[0.162s] DEBUG:colcon.colcon_core.verb:Building package 'map_tools' with the following arguments: {'ament_cmake_args': None, 'build_base': '/home/interns/repos/ScoutMini/build/map_tools', 'catkin_cmake_args': None, 'catkin_skip_building_tests': False, 'cmake_args': None, 'cmake_clean_cache': False, 'cmake_clean_first': False, 'cmake_force_configure': False, 'cmake_target': None, 'cmake_target_skip_unavailable': False, 'install_base': '/home/interns/repos/ScoutMini/install/map_tools', 'merge_install': False, 'path': '/home/interns/repos/ScoutMini/ros2_ws/src/map_tools', 'symlink_install': False, 'test_result_base': None}
[0.162s] INFO:colcon.colcon_core.executor:Executing jobs using 'parallel' executor
[0.162s] DEBUG:colcon.colcon_parallel_executor.executor.parallel:run_until_complete
[0.162s] INFO:colcon.colcon_ros.task.ament_python.build:Building ROS package in '/home/interns/repos/ScoutMini/ros2_ws/src/map_tools' with build type 'ament_python'
[0.162s] Level 1:colcon.colcon_core.shell:create_environment_hook('map_tools', 'ament_prefix_path')
[0.163s] INFO:colcon.colcon_core.plugin_system:Skipping extension 'colcon_core.shell.bat': Not used on non-Windows systems
[0.163s] INFO:colcon.colcon_core.shell:Creating environment hook '/home/interns/repos/ScoutMini/install/map_tools/share/map_tools/hook/ament_prefix_path.ps1'
[0.164s] INFO:colcon.colcon_core.shell:Creating environment descriptor '/home/interns/repos/ScoutMini/install/map_tools/share/map_tools/hook/ament_prefix_path.dsv'
[0.164s] INFO:colcon.colcon_core.shell:Creating environment hook '/home/interns/repos/ScoutMini/install/map_tools/share/map_tools/hook/ament_prefix_path.sh'
[0.164s] INFO:colcon.colcon_core.shell:Skip shell extension 'powershell' for command environment: Not usable outside of PowerShell
[0.164s] DEBUG:colcon.colcon_core.shell:Skip shell extension 'dsv' for command environment
[0.273s] INFO:colcon.colcon_core.task.python.build:Building Python package in '/home/interns/repos/ScoutMini/ros2_ws/src/map_tools'
[0.274s] INFO:colcon.colcon_core.shell:Skip shell extension 'powershell' for command environment: Not usable outside of PowerShell
[0.274s] DEBUG:colcon.colcon_core.shell:Skip shell extension 'dsv' for command environment
[0.426s] DEBUG:colcon.colcon_core.task.python.build:Available setuptools commands: install, install_lib, egg_info, init_catalog, install_headers, bdist, build, install_scripts, build_py, update_catalog, bdist_dumb, sdist, build_clib, clean, saveopts, rotate, build_ext, register, compile_catalog, alias, develop, upload_docs, upload, build_scripts, install_egg_info, extract_messages, dist_info, bdist_rpm, test, bdist_egg, easy_install, setopt, install_data, check, symlink_data
[0.427s] DEBUG:colcon.colcon_core.event_handler.log_command:Invoking command in '/home/interns/repos/ScoutMini/ros2_ws/src/map_tools': PYTHONPATH=/home/interns/repos/ScoutMini/build/map_tools/prefix_override:/usr/lib/python3/dist-packages/colcon_core/task/python/colcon_distutils_commands:/home/interns/repos/ScoutMini/install/map_tools/lib/python3.10/site-packages:${PYTHONPATH} /usr/bin/python3 -W ignore:setup.py install is deprecated -W ignore:easy_install command is deprecated setup.py egg_info --egg-base ../../../build/map_tools build --build-base /home/interns/repos/ScoutMini/build/map_tools/build install --record /home/interns/repos/ScoutMini/build/map_tools/install.log --install-scripts $base/lib/map_tools --single-version-externally-managed install_data
[0.566s] DEBUG:colcon.colcon_core.event_handler.log_command:Invoked command in '/home/interns/repos/ScoutMini/ros2_ws/src/map_tools' returned '0': PYTHONPATH=/home/interns/repos/ScoutMini/build/map_tools/prefix_override:/usr/lib/python3/dist-packages/colcon_core/task/python/colcon_distutils_commands:/home/interns/repos/ScoutMini/install/map_tools/lib/python3.10/site-packages:${PYTHONPATH} /usr/bin/python3 -W ignore:setup.py install is deprecated -W ignore:easy_install command is deprecated setup.py egg_info --egg-base ../../../build/map_tools build --build-base /home/interns/repos/ScoutMini/build/map_tools/build install --record /home/interns/repos/ScoutMini/build/map_tools/install.log --install-scripts $base/lib/map_tools --single-version-externally-managed install_data
[0.567s] Level 1:colcon.colcon_core.environment:checking '/home/interns/repos/ScoutMini/install/map_tools' for CMake module files
[0.568s] Level 1:colcon.colcon_core.environment:checking '/home/interns/repos/ScoutMini/install/map_tools' for CMake config files
[0.568s] Level 1:colcon.colcon_core.environment:checking '/home/interns/repos/ScoutMini/install/map_tools/lib'
[0.568s] Level 1:colcon.colcon_core.environment:checking '/home/interns/repos/ScoutMini/install/map_tools/bin'
[0.569s] Level 1:colcon.colcon_core.environment:checking '/home/interns/repos/ScoutMini/install/map_tools/lib/pkgconfig/map_tools.pc'
[0.569s] Level 1:colcon.colcon_core.environment:checking '/home/interns/repos/ScoutMini/install/map_tools/lib/python3.10/site-packages'
[0.569s] Level 1:colcon.colcon_core.shell:create_environment_hook('map_tools', 'pythonpath')
[0.569s] INFO:colcon.colcon_core.shell:Creating environment hook '/home/interns/repos/ScoutMini/install/map_tools/share/map_tools/hook/pythonpath.ps1'
[0.569s] INFO:colcon.colcon_core.shell:Creating environment descriptor '/home/interns/repos/ScoutMini/install/map_tools/share/map_tools/hook/pythonpath.dsv'
[0.569s] INFO:colcon.colcon_core.shell:Creating environment hook '/home/interns/repos/ScoutMini/install/map_tools/share/map_tools/hook/pythonpath.sh'
[0.570s] Level 1:colcon.colcon_core.environment:checking '/home/interns/repos/ScoutMini/install/map_tools/bin'
[0.570s] Level 1:colcon.colcon_core.environment:create_environment_scripts_only(map_tools)
[0.570s] INFO:colcon.colcon_core.shell:Creating package script '/home/interns/repos/ScoutMini/install/map_tools/share/map_tools/package.ps1'
[0.571s] INFO:colcon.colcon_core.shell:Creating package descriptor '/home/interns/repos/ScoutMini/install/map_tools/share/map_tools/package.dsv'
[0.571s] INFO:colcon.colcon_core.shell:Creating package script '/home/interns/repos/ScoutMini/install/map_tools/share/map_tools/package.sh'
[0.572s] INFO:colcon.colcon_core.shell:Creating package script '/home/interns/repos/ScoutMini/install/map_tools/share/map_tools/package.bash'
[0.572s] INFO:colcon.colcon_core.shell:Creating package script '/home/interns/repos/ScoutMini/install/map_tools/share/map_tools/package.zsh'
[0.573s] Level 1:colcon.colcon_core.environment:create_file_with_runtime_dependencies(/home/interns/repos/ScoutMini/install/map_tools/share/colcon-core/packages/map_tools)
[0.573s] DEBUG:colcon.colcon_parallel_executor.executor.parallel:closing loop
[0.573s] DEBUG:colcon.colcon_parallel_executor.executor.parallel:loop closed
[0.573s] DEBUG:colcon.colcon_parallel_executor.executor.parallel:run_until_complete finished with '0'
[0.573s] DEBUG:colcon.colcon_core.event_reactor:joining thread
[0.575s] INFO:colcon.colcon_core.plugin_system:Skipping extension 'colcon_notification.desktop_notification.terminal_notifier': Not used on non-Darwin systems
[0.575s] INFO:colcon.colcon_core.plugin_system:Skipping extension 'colcon_notification.desktop_notification.win32': Not used on non-Windows systems
[0.575s] INFO:colcon.colcon_notification.desktop_notification:Sending desktop notification using 'notify2'
[0.581s] DEBUG:colcon.colcon_core.event_reactor:joined thread
[0.581s] INFO:colcon.colcon_core.shell:Creating prefix script '/home/interns/repos/ScoutMini/install/local_setup.ps1'
[0.582s] INFO:colcon.colcon_core.shell:Creating prefix util module '/home/interns/repos/ScoutMini/install/_local_setup_util_ps1.py'
[0.582s] INFO:colcon.colcon_core.shell:Creating prefix chain script '/home/interns/repos/ScoutMini/install/setup.ps1'
[0.583s] INFO:colcon.colcon_core.shell:Creating prefix script '/home/interns/repos/ScoutMini/install/local_setup.sh'
[0.584s] INFO:colcon.colcon_core.shell:Creating prefix util module '/home/interns/repos/ScoutMini/install/_local_setup_util_sh.py'
[0.584s] INFO:colcon.colcon_core.shell:Creating prefix chain script '/home/interns/repos/ScoutMini/install/setup.sh'
[0.584s] INFO:colcon.colcon_core.shell:Creating prefix script '/home/interns/repos/ScoutMini/install/local_setup.bash'
[0.585s] INFO:colcon.colcon_core.shell:Creating prefix chain script '/home/interns/repos/ScoutMini/install/setup.bash'
[0.585s] INFO:colcon.colcon_core.shell:Creating prefix script '/home/interns/repos/ScoutMini/install/local_setup.zsh'
[0.585s] INFO:colcon.colcon_core.shell:Creating prefix chain script '/home/interns/repos/ScoutMini/install/setup.zsh'
