running egg_info
creating ../../../build/map_tools/map_tools.egg-info
writing ../../../build/map_tools/map_tools.egg-info/PKG-INFO
writing dependency_links to ../../../build/map_tools/map_tools.egg-info/dependency_links.txt
writing entry points to ../../../build/map_tools/map_tools.egg-info/entry_points.txt
writing requirements to ../../../build/map_tools/map_tools.egg-info/requires.txt
writing top-level names to ../../../build/map_tools/map_tools.egg-info/top_level.txt
writing manifest file '../../../build/map_tools/map_tools.egg-info/SOURCES.txt'
reading manifest file '../../../build/map_tools/map_tools.egg-info/SOURCES.txt'
writing manifest file '../../../build/map_tools/map_tools.egg-info/SOURCES.txt'
running build
running build_py
creating /home/interns/repos/ScoutMini/build/map_tools/build
creating /home/interns/repos/ScoutMini/build/map_tools/build/lib
creating /home/interns/repos/ScoutMini/build/map_tools/build/lib/map_tools
copying map_tools/waypoint_server.py -> /home/interns/repos/ScoutMini/build/map_tools/build/lib/map_tools
copying map_tools/map_name_publisher.py -> /home/interns/repos/ScoutMini/build/map_tools/build/lib/map_tools
copying map_tools/waypoint_navigator.py -> /home/interns/repos/ScoutMini/build/map_tools/build/lib/map_tools
copying map_tools/__init__.py -> /home/interns/repos/ScoutMini/build/map_tools/build/lib/map_tools
copying map_tools/waypoint_collector.py -> /home/interns/repos/ScoutMini/build/map_tools/build/lib/map_tools
copying map_tools/apriltag_tag_collector.py -> /home/interns/repos/ScoutMini/build/map_tools/build/lib/map_tools
copying map_tools/click_to_nav.py -> /home/interns/repos/ScoutMini/build/map_tools/build/lib/map_tools
copying map_tools/waypoint_collector_2.py -> /home/interns/repos/ScoutMini/build/map_tools/build/lib/map_tools
running install
running install_lib
creating /home/interns/repos/ScoutMini/install/map_tools/lib/python3.10/site-packages/map_tools
copying /home/interns/repos/ScoutMini/build/map_tools/build/lib/map_tools/waypoint_server.py -> /home/interns/repos/ScoutMini/install/map_tools/lib/python3.10/site-packages/map_tools
copying /home/interns/repos/ScoutMini/build/map_tools/build/lib/map_tools/map_name_publisher.py -> /home/interns/repos/ScoutMini/install/map_tools/lib/python3.10/site-packages/map_tools
copying /home/interns/repos/ScoutMini/build/map_tools/build/lib/map_tools/waypoint_navigator.py -> /home/interns/repos/ScoutMini/install/map_tools/lib/python3.10/site-packages/map_tools
copying /home/interns/repos/ScoutMini/build/map_tools/build/lib/map_tools/__init__.py -> /home/interns/repos/ScoutMini/install/map_tools/lib/python3.10/site-packages/map_tools
copying /home/interns/repos/ScoutMini/build/map_tools/build/lib/map_tools/waypoint_collector.py -> /home/interns/repos/ScoutMini/install/map_tools/lib/python3.10/site-packages/map_tools
copying /home/interns/repos/ScoutMini/build/map_tools/build/lib/map_tools/apriltag_tag_collector.py -> /home/interns/repos/ScoutMini/install/map_tools/lib/python3.10/site-packages/map_tools
copying /home/interns/repos/ScoutMini/build/map_tools/build/lib/map_tools/click_to_nav.py -> /home/interns/repos/ScoutMini/install/map_tools/lib/python3.10/site-packages/map_tools
copying /home/interns/repos/ScoutMini/build/map_tools/build/lib/map_tools/waypoint_collector_2.py -> /home/interns/repos/ScoutMini/install/map_tools/lib/python3.10/site-packages/map_tools
byte-compiling /home/interns/repos/ScoutMini/install/map_tools/lib/python3.10/site-packages/map_tools/waypoint_server.py to waypoint_server.cpython-310.pyc
byte-compiling /home/interns/repos/ScoutMini/install/map_tools/lib/python3.10/site-packages/map_tools/map_name_publisher.py to map_name_publisher.cpython-310.pyc
byte-compiling /home/interns/repos/ScoutMini/install/map_tools/lib/python3.10/site-packages/map_tools/waypoint_navigator.py to waypoint_navigator.cpython-310.pyc
byte-compiling /home/interns/repos/ScoutMini/install/map_tools/lib/python3.10/site-packages/map_tools/__init__.py to __init__.cpython-310.pyc
byte-compiling /home/interns/repos/ScoutMini/install/map_tools/lib/python3.10/site-packages/map_tools/waypoint_collector.py to waypoint_collector.cpython-310.pyc
byte-compiling /home/interns/repos/ScoutMini/install/map_tools/lib/python3.10/site-packages/map_tools/apriltag_tag_collector.py to apriltag_tag_collector.cpython-310.pyc
byte-compiling /home/interns/repos/ScoutMini/install/map_tools/lib/python3.10/site-packages/map_tools/click_to_nav.py to click_to_nav.cpython-310.pyc
byte-compiling /home/interns/repos/ScoutMini/install/map_tools/lib/python3.10/site-packages/map_tools/waypoint_collector_2.py to waypoint_collector_2.cpython-310.pyc
running install_data
creating /home/interns/repos/ScoutMini/install/map_tools/share/ament_index
creating /home/interns/repos/ScoutMini/install/map_tools/share/ament_index/resource_index
creating /home/interns/repos/ScoutMini/install/map_tools/share/ament_index/resource_index/packages
copying resource/map_tools -> /home/interns/repos/ScoutMini/install/map_tools/share/ament_index/resource_index/packages
copying package.xml -> /home/interns/repos/ScoutMini/install/map_tools/share/map_tools
creating /home/interns/repos/ScoutMini/install/map_tools/share/map_tools/launch
copying launch/zed_apriltag_36h11.launch.py -> /home/interns/repos/ScoutMini/install/map_tools/share/map_tools/launch
copying launch/waypoint_collector.launch.py -> /home/interns/repos/ScoutMini/install/map_tools/share/map_tools/launch
creating /home/interns/repos/ScoutMini/install/map_tools/share/map_tools/config
copying config/tags_36h11.yaml -> /home/interns/repos/ScoutMini/install/map_tools/share/map_tools/config
creating /home/interns/repos/ScoutMini/install/map_tools/share/map_tools/rviz
copying rviz/waypoint_collector.rviz -> /home/interns/repos/ScoutMini/install/map_tools/share/map_tools/rviz
creating /home/interns/repos/ScoutMini/install/map_tools/share/map_tools/waypoints
creating /home/interns/repos/ScoutMini/install/map_tools/share/map_tools/maps
copying maps/.gitkeep -> /home/interns/repos/ScoutMini/install/map_tools/share/map_tools/maps
creating /home/interns/repos/ScoutMini/install/map_tools/share/map_tools/maps/third_floor_map_clean
copying maps/third_floor_map_clean/third_floor_map_clean.pgm -> /home/interns/repos/ScoutMini/install/map_tools/share/map_tools/maps/third_floor_map_clean
copying maps/third_floor_map_clean/third_floor_map_clean.yaml -> /home/interns/repos/ScoutMini/install/map_tools/share/map_tools/maps/third_floor_map_clean
copying maps/third_floor_map_clean/third_floor_map_clean_waypoints.json -> /home/interns/repos/ScoutMini/install/map_tools/share/map_tools/maps/third_floor_map_clean
creating /home/interns/repos/ScoutMini/install/map_tools/share/map_tools/maps/default_map
copying maps/default_map/default_map_waypoints.json -> /home/interns/repos/ScoutMini/install/map_tools/share/map_tools/maps/default_map
creating /home/interns/repos/ScoutMini/install/map_tools/share/map_tools/maps/fuse_3rd
copying maps/fuse_3rd/fuse_3rd.pgm -> /home/interns/repos/ScoutMini/install/map_tools/share/map_tools/maps/fuse_3rd
copying maps/fuse_3rd/fuse_3rd.yaml -> /home/interns/repos/ScoutMini/install/map_tools/share/map_tools/maps/fuse_3rd
copying maps/fuse_3rd/fuse_3rd_waypoints.json -> /home/interns/repos/ScoutMini/install/map_tools/share/map_tools/maps/fuse_3rd
copying maps/fuse_3rd/tags.json -> /home/interns/repos/ScoutMini/install/map_tools/share/map_tools/maps/fuse_3rd
creating /home/interns/repos/ScoutMini/install/map_tools/share/map_tools/maps/fuse_3rd/routes
copying maps/fuse_3rd/routes/route1.yaml -> /home/interns/repos/ScoutMini/install/map_tools/share/map_tools/maps/fuse_3rd/routes
copying maps/fuse_3rd/routes/route2.yaml -> /home/interns/repos/ScoutMini/install/map_tools/share/map_tools/maps/fuse_3rd/routes
running install_egg_info
Copying ../../../build/map_tools/map_tools.egg-info to /home/interns/repos/ScoutMini/install/map_tools/lib/python3.10/site-packages/map_tools-0.0.1-py3.10.egg-info
running install_scripts
Installing apriltag_tag_collector script to /home/interns/repos/ScoutMini/install/map_tools/lib/map_tools
Installing click_to_nav script to /home/interns/repos/ScoutMini/install/map_tools/lib/map_tools
Installing map_name_publisher script to /home/interns/repos/ScoutMini/install/map_tools/lib/map_tools
Installing waypoint_collector script to /home/interns/repos/ScoutMini/install/map_tools/lib/map_tools
Installing waypoint_collector_2 script to /home/interns/repos/ScoutMini/install/map_tools/lib/map_tools
Installing waypoint_server script to /home/interns/repos/ScoutMini/install/map_tools/lib/map_tools
writing list of installed files to '/home/interns/repos/ScoutMini/build/map_tools/install.log'
