[0.264s] Invoking command in '/home/interns/repos/ScoutMini/ros2_ws/src/map_tools': PYTHONPATH=/home/interns/repos/ScoutMini/build/map_tools/prefix_override:/usr/lib/python3/dist-packages/colcon_core/task/python/colcon_distutils_commands:/home/interns/repos/ScoutMini/install/map_tools/lib/python3.10/site-packages:${PYTHONPATH} /usr/bin/python3 -W ignore:setup.py install is deprecated -W ignore:easy_install command is deprecated setup.py egg_info --egg-base ../../../build/map_tools build --build-base /home/interns/repos/ScoutMini/build/map_tools/build install --record /home/interns/repos/ScoutMini/build/map_tools/install.log --install-scripts $base/lib/map_tools --single-version-externally-managed install_data
[0.367s] running egg_info
[0.367s] creating ../../../build/map_tools/map_tools.egg-info
[0.367s] writing ../../../build/map_tools/map_tools.egg-info/PKG-INFO
[0.367s] writing dependency_links to ../../../build/map_tools/map_tools.egg-info/dependency_links.txt
[0.367s] writing entry points to ../../../build/map_tools/map_tools.egg-info/entry_points.txt
[0.367s] writing requirements to ../../../build/map_tools/map_tools.egg-info/requires.txt
[0.368s] writing top-level names to ../../../build/map_tools/map_tools.egg-info/top_level.txt
[0.368s] writing manifest file '../../../build/map_tools/map_tools.egg-info/SOURCES.txt'
[0.368s] reading manifest file '../../../build/map_tools/map_tools.egg-info/SOURCES.txt'
[0.368s] writing manifest file '../../../build/map_tools/map_tools.egg-info/SOURCES.txt'
[0.369s] running build
[0.369s] running build_py
[0.369s] creating /home/interns/repos/ScoutMini/build/map_tools/build
[0.369s] creating /home/interns/repos/ScoutMini/build/map_tools/build/lib
[0.369s] creating /home/interns/repos/ScoutMini/build/map_tools/build/lib/map_tools
[0.369s] copying map_tools/waypoint_server.py -> /home/interns/repos/ScoutMini/build/map_tools/build/lib/map_tools
[0.369s] copying map_tools/map_name_publisher.py -> /home/interns/repos/ScoutMini/build/map_tools/build/lib/map_tools
[0.369s] copying map_tools/waypoint_navigator.py -> /home/interns/repos/ScoutMini/build/map_tools/build/lib/map_tools
[0.369s] copying map_tools/__init__.py -> /home/interns/repos/ScoutMini/build/map_tools/build/lib/map_tools
[0.369s] copying map_tools/waypoint_collector.py -> /home/interns/repos/ScoutMini/build/map_tools/build/lib/map_tools
[0.369s] copying map_tools/apriltag_tag_collector.py -> /home/interns/repos/ScoutMini/build/map_tools/build/lib/map_tools
[0.369s] copying map_tools/click_to_nav.py -> /home/interns/repos/ScoutMini/build/map_tools/build/lib/map_tools
[0.369s] copying map_tools/waypoint_collector_2.py -> /home/interns/repos/ScoutMini/build/map_tools/build/lib/map_tools
[0.369s] running install
[0.369s] running install_lib
[0.370s] creating /home/interns/repos/ScoutMini/install/map_tools/lib/python3.10/site-packages/map_tools
[0.370s] copying /home/interns/repos/ScoutMini/build/map_tools/build/lib/map_tools/waypoint_server.py -> /home/interns/repos/ScoutMini/install/map_tools/lib/python3.10/site-packages/map_tools
[0.370s] copying /home/interns/repos/ScoutMini/build/map_tools/build/lib/map_tools/map_name_publisher.py -> /home/interns/repos/ScoutMini/install/map_tools/lib/python3.10/site-packages/map_tools
[0.370s] copying /home/interns/repos/ScoutMini/build/map_tools/build/lib/map_tools/waypoint_navigator.py -> /home/interns/repos/ScoutMini/install/map_tools/lib/python3.10/site-packages/map_tools
[0.370s] copying /home/interns/repos/ScoutMini/build/map_tools/build/lib/map_tools/__init__.py -> /home/interns/repos/ScoutMini/install/map_tools/lib/python3.10/site-packages/map_tools
[0.370s] copying /home/interns/repos/ScoutMini/build/map_tools/build/lib/map_tools/waypoint_collector.py -> /home/interns/repos/ScoutMini/install/map_tools/lib/python3.10/site-packages/map_tools
[0.370s] copying /home/interns/repos/ScoutMini/build/map_tools/build/lib/map_tools/apriltag_tag_collector.py -> /home/interns/repos/ScoutMini/install/map_tools/lib/python3.10/site-packages/map_tools
[0.370s] copying /home/interns/repos/ScoutMini/build/map_tools/build/lib/map_tools/click_to_nav.py -> /home/interns/repos/ScoutMini/install/map_tools/lib/python3.10/site-packages/map_tools
[0.370s] copying /home/interns/repos/ScoutMini/build/map_tools/build/lib/map_tools/waypoint_collector_2.py -> /home/interns/repos/ScoutMini/install/map_tools/lib/python3.10/site-packages/map_tools
[0.370s] byte-compiling /home/interns/repos/ScoutMini/install/map_tools/lib/python3.10/site-packages/map_tools/waypoint_server.py to waypoint_server.cpython-310.pyc
[0.371s] byte-compiling /home/interns/repos/ScoutMini/install/map_tools/lib/python3.10/site-packages/map_tools/map_name_publisher.py to map_name_publisher.cpython-310.pyc
[0.371s] byte-compiling /home/interns/repos/ScoutMini/install/map_tools/lib/python3.10/site-packages/map_tools/waypoint_navigator.py to waypoint_navigator.cpython-310.pyc
[0.371s] byte-compiling /home/interns/repos/ScoutMini/install/map_tools/lib/python3.10/site-packages/map_tools/__init__.py to __init__.cpython-310.pyc
[0.371s] byte-compiling /home/interns/repos/ScoutMini/install/map_tools/lib/python3.10/site-packages/map_tools/waypoint_collector.py to waypoint_collector.cpython-310.pyc
[0.373s] byte-compiling /home/interns/repos/ScoutMini/install/map_tools/lib/python3.10/site-packages/map_tools/apriltag_tag_collector.py to apriltag_tag_collector.cpython-310.pyc
[0.374s] byte-compiling /home/interns/repos/ScoutMini/install/map_tools/lib/python3.10/site-packages/map_tools/click_to_nav.py to click_to_nav.cpython-310.pyc
[0.374s] byte-compiling /home/interns/repos/ScoutMini/install/map_tools/lib/python3.10/site-packages/map_tools/waypoint_collector_2.py to waypoint_collector_2.cpython-310.pyc
[0.376s] running install_data
[0.376s] creating /home/interns/repos/ScoutMini/install/map_tools/share/ament_index
[0.376s] creating /home/interns/repos/ScoutMini/install/map_tools/share/ament_index/resource_index
[0.376s] creating /home/interns/repos/ScoutMini/install/map_tools/share/ament_index/resource_index/packages
[0.376s] copying resource/map_tools -> /home/interns/repos/ScoutMini/install/map_tools/share/ament_index/resource_index/packages
[0.376s] copying package.xml -> /home/interns/repos/ScoutMini/install/map_tools/share/map_tools
[0.376s] creating /home/interns/repos/ScoutMini/install/map_tools/share/map_tools/launch
[0.376s] copying launch/zed_apriltag_36h11.launch.py -> /home/interns/repos/ScoutMini/install/map_tools/share/map_tools/launch
[0.376s] copying launch/waypoint_collector.launch.py -> /home/interns/repos/ScoutMini/install/map_tools/share/map_tools/launch
[0.377s] creating /home/interns/repos/ScoutMini/install/map_tools/share/map_tools/config
[0.377s] copying config/tags_36h11.yaml -> /home/interns/repos/ScoutMini/install/map_tools/share/map_tools/config
[0.377s] creating /home/interns/repos/ScoutMini/install/map_tools/share/map_tools/rviz
[0.377s] copying rviz/waypoint_collector.rviz -> /home/interns/repos/ScoutMini/install/map_tools/share/map_tools/rviz
[0.377s] creating /home/interns/repos/ScoutMini/install/map_tools/share/map_tools/waypoints
[0.377s] creating /home/interns/repos/ScoutMini/install/map_tools/share/map_tools/maps
[0.377s] copying maps/.gitkeep -> /home/interns/repos/ScoutMini/install/map_tools/share/map_tools/maps
[0.377s] creating /home/interns/repos/ScoutMini/install/map_tools/share/map_tools/maps/third_floor_map_clean
[0.377s] copying maps/third_floor_map_clean/third_floor_map_clean.pgm -> /home/interns/repos/ScoutMini/install/map_tools/share/map_tools/maps/third_floor_map_clean
[0.380s] copying maps/third_floor_map_clean/third_floor_map_clean.yaml -> /home/interns/repos/ScoutMini/install/map_tools/share/map_tools/maps/third_floor_map_clean
[0.380s] copying maps/third_floor_map_clean/third_floor_map_clean_waypoints.json -> /home/interns/repos/ScoutMini/install/map_tools/share/map_tools/maps/third_floor_map_clean
[0.380s] creating /home/interns/repos/ScoutMini/install/map_tools/share/map_tools/maps/default_map
[0.380s] copying maps/default_map/default_map_waypoints.json -> /home/interns/repos/ScoutMini/install/map_tools/share/map_tools/maps/default_map
[0.380s] creating /home/interns/repos/ScoutMini/install/map_tools/share/map_tools/maps/fuse_3rd
[0.380s] copying maps/fuse_3rd/fuse_3rd.pgm -> /home/interns/repos/ScoutMini/install/map_tools/share/map_tools/maps/fuse_3rd
[0.383s] copying maps/fuse_3rd/fuse_3rd.yaml -> /home/interns/repos/ScoutMini/install/map_tools/share/map_tools/maps/fuse_3rd
[0.383s] copying maps/fuse_3rd/fuse_3rd_waypoints.json -> /home/interns/repos/ScoutMini/install/map_tools/share/map_tools/maps/fuse_3rd
[0.383s] copying maps/fuse_3rd/tags.json -> /home/interns/repos/ScoutMini/install/map_tools/share/map_tools/maps/fuse_3rd
[0.383s] creating /home/interns/repos/ScoutMini/install/map_tools/share/map_tools/maps/fuse_3rd/routes
[0.383s] copying maps/fuse_3rd/routes/route1.yaml -> /home/interns/repos/ScoutMini/install/map_tools/share/map_tools/maps/fuse_3rd/routes
[0.383s] copying maps/fuse_3rd/routes/route2.yaml -> /home/interns/repos/ScoutMini/install/map_tools/share/map_tools/maps/fuse_3rd/routes
[0.383s] running install_egg_info
[0.384s] Copying ../../../build/map_tools/map_tools.egg-info to /home/interns/repos/ScoutMini/install/map_tools/lib/python3.10/site-packages/map_tools-0.0.1-py3.10.egg-info
[0.384s] running install_scripts
[0.393s] Installing apriltag_tag_collector script to /home/interns/repos/ScoutMini/install/map_tools/lib/map_tools
[0.393s] Installing click_to_nav script to /home/interns/repos/ScoutMini/install/map_tools/lib/map_tools
[0.393s] Installing map_name_publisher script to /home/interns/repos/ScoutMini/install/map_tools/lib/map_tools
[0.393s] Installing waypoint_collector script to /home/interns/repos/ScoutMini/install/map_tools/lib/map_tools
[0.393s] Installing waypoint_collector_2 script to /home/interns/repos/ScoutMini/install/map_tools/lib/map_tools
[0.393s] Installing waypoint_server script to /home/interns/repos/ScoutMini/install/map_tools/lib/map_tools
[0.393s] writing list of installed files to '/home/interns/repos/ScoutMini/build/map_tools/install.log'
[0.403s] Invoked command in '/home/interns/repos/ScoutMini/ros2_ws/src/map_tools' returned '0': PYTHONPATH=/home/interns/repos/ScoutMini/build/map_tools/prefix_override:/usr/lib/python3/dist-packages/colcon_core/task/python/colcon_distutils_commands:/home/interns/repos/ScoutMini/install/map_tools/lib/python3.10/site-packages:${PYTHONPATH} /usr/bin/python3 -W ignore:setup.py install is deprecated -W ignore:easy_install command is deprecated setup.py egg_info --egg-base ../../../build/map_tools build --build-base /home/interns/repos/ScoutMini/build/map_tools/build install --record /home/interns/repos/ScoutMini/build/map_tools/install.log --install-scripts $base/lib/map_tools --single-version-externally-managed install_data
